[logs/iOS_iPhone 8 INFO ] 2021-06-12 17:11:04.586 BaseTest:203 - log path: logs/iOS_iPhone 8
[logs/iOS_iPhone 8 INFO ] 2021-06-12 17:11:32.517 LoginTests:52 - loginTest before method
[logs/iOS_iPhone 8 INFO ] 2021-06-12 17:11:32.544 LoginTests:54 - 
****** starting test: invalidPassword******

[logs/iOS_iPhone 8 INFO ] 2021-06-12 17:11:33.719 LoginPage:27 - Login with standard_user
[logs/iOS_iPhone 8 INFO ] 2021-06-12 17:11:37.954 LoginPage:34 - password is invalidpassword
[logs/iOS_iPhone 8 INFO ] 2021-06-12 17:11:40.353 LoginPage:40 - Press login button
[logs/iOS_iPhone 8 INFO ] 2021-06-12 17:11:48.770 LoginPage:53 - error text is - Username and password do not match any user in this service.
[logs/iOS_iPhone 8 INFO ] 2021-06-12 17:11:48.772 LoginTests:80 - actual error text - Username and password do not match any user in this service.
expected error text - Username and password do not match any user in this service.
[logs/iOS_iPhone 8 INFO ] 2021-06-12 17:11:48.774 LoginTests:58 - loginTest after method
[logs/iOS_iPhone 8 INFO ] 2021-06-12 17:11:50.298 LoginTests:52 - loginTest before method
[logs/iOS_iPhone 8 INFO ] 2021-06-12 17:11:50.300 LoginTests:54 - 
****** starting test: invalidUserName******

[logs/iOS_iPhone 8 INFO ] 2021-06-12 17:11:53.414 LoginPage:27 - Login with invalidusername
[logs/iOS_iPhone 8 INFO ] 2021-06-12 17:11:58.714 LoginPage:34 - password is secret_sauce
[logs/iOS_iPhone 8 INFO ] 2021-06-12 17:12:00.186 LoginPage:40 - Press login button
[logs/iOS_iPhone 8 INFO ] 2021-06-12 17:12:06.751 LoginPage:53 - error text is - Username and password do not match any user in this service.
[logs/iOS_iPhone 8 INFO ] 2021-06-12 17:12:06.752 LoginTests:68 - actual error text - Username and password do not match any user in this service.
expected error text - Username and password do not match any user in this service.
[logs/iOS_iPhone 8 INFO ] 2021-06-12 17:12:06.754 LoginTests:58 - loginTest after method
[logs/iOS_iPhone 8 INFO ] 2021-06-12 17:12:08.106 LoginTests:52 - loginTest before method
[logs/iOS_iPhone 8 INFO ] 2021-06-12 17:12:08.108 LoginTests:54 - 
****** starting test: successfulLogin******

[logs/iOS_iPhone 8 INFO ] 2021-06-12 17:12:11.883 LoginPage:27 - Login with standard_user
[logs/iOS_iPhone 8 INFO ] 2021-06-12 17:12:16.346 LoginPage:34 - password is secret_sauce
[logs/iOS_iPhone 8 INFO ] 2021-06-12 17:12:17.725 LoginPage:40 - Press login button
[logs/iOS_iPhone 8 INFO ] 2021-06-12 17:12:29.716 ProductsPage:25 - product page title is: PRODUCTS
[logs/iOS_iPhone 8 INFO ] 2021-06-12 17:12:29.718 LoginTests:92 - actual product title - PRODUCTS
expected product title - PRODUCTS
[logs/iOS_iPhone 8 INFO ] 2021-06-12 17:12:29.720 LoginTests:58 - loginTest after method
[logs/iOS_iPhone 8 INFO ] 2021-06-12 17:14:51.084 BaseTest:203 - log path: logs/iOS_iPhone 8
[logs/iOS_iPhone 8 INFO ] 2021-06-12 17:15:13.557 LoginTests:52 - loginTest before method
[logs/iOS_iPhone 8 INFO ] 2021-06-12 17:15:13.586 LoginTests:54 - 
****** starting test: invalidPassword******

[logs/iOS_iPhone 8 INFO ] 2021-06-12 17:15:14.741 LoginPage:27 - Login with standard_user
[logs/iOS_iPhone 8 INFO ] 2021-06-12 17:15:20.012 LoginPage:34 - password is invalidpassword
[logs/iOS_iPhone 8 INFO ] 2021-06-12 17:15:22.053 LoginPage:40 - Press login button
[logs/iOS_iPhone 8 INFO ] 2021-06-12 17:15:28.324 LoginPage:53 - error text is - Username and password do not match any user in this service.
[logs/iOS_iPhone 8 INFO ] 2021-06-12 17:15:28.326 LoginTests:80 - actual error text - Username and password do not match any user in this service.
expected error text - Username and password do not match any user in this service.
[logs/iOS_iPhone 8 INFO ] 2021-06-12 17:15:28.329 LoginTests:58 - loginTest after method
[logs/iOS_iPhone 8 INFO ] 2021-06-12 17:15:29.584 LoginTests:52 - loginTest before method
[logs/iOS_iPhone 8 INFO ] 2021-06-12 17:15:29.586 LoginTests:54 - 
****** starting test: invalidUserName******

[logs/iOS_iPhone 8 INFO ] 2021-06-12 17:15:32.500 LoginPage:27 - Login with invalidusername
[logs/iOS_iPhone 8 INFO ] 2021-06-12 17:15:37.363 LoginPage:34 - password is secret_sauce
[logs/iOS_iPhone 8 INFO ] 2021-06-12 17:15:38.670 LoginPage:40 - Press login button
[logs/iOS_iPhone 8 INFO ] 2021-06-12 17:15:47.523 LoginPage:53 - error text is - Username and password do not match any user in this service.
[logs/iOS_iPhone 8 INFO ] 2021-06-12 17:15:47.525 LoginTests:68 - actual error text - Username and password do not match any user in this service.
expected error text - Username and password do not match any user in this service.
[logs/iOS_iPhone 8 INFO ] 2021-06-12 17:15:47.527 LoginTests:58 - loginTest after method
[logs/iOS_iPhone 8 INFO ] 2021-06-12 17:15:49.151 LoginTests:52 - loginTest before method
[logs/iOS_iPhone 8 INFO ] 2021-06-12 17:15:49.154 LoginTests:54 - 
****** starting test: successfulLogin******

[logs/iOS_iPhone 8 INFO ] 2021-06-12 17:15:51.862 LoginPage:27 - Login with standard_user
[logs/iOS_iPhone 8 INFO ] 2021-06-12 17:15:55.282 LoginPage:34 - password is secret_sauce
[logs/iOS_iPhone 8 INFO ] 2021-06-12 17:15:56.620 LoginPage:40 - Press login button
[logs/iOS_iPhone 8 INFO ] 2021-06-12 17:16:05.528 ProductsPage:25 - product page title is: PRODUCTS
[logs/iOS_iPhone 8 INFO ] 2021-06-12 17:16:05.530 LoginTests:92 - actual product title - PRODUCTS
expected product title - PRODUCTS
[logs/iOS_iPhone 8 INFO ] 2021-06-12 17:16:05.532 LoginTests:58 - loginTest after method
[logs/iOS_iPhone 8 INFO ] 2021-06-12 17:21:29.102 BaseTest:203 - log path: logs/iOS_iPhone 8
[logs/iOS_iPhone 8 INFO ] 2021-06-12 17:21:46.809 LoginTests:52 - loginTest before method
[logs/iOS_iPhone 8 INFO ] 2021-06-12 17:21:46.836 LoginTests:54 - 
****** starting test: invalidPassword******

[logs/iOS_iPhone 8 INFO ] 2021-06-12 17:21:47.659 LoginPage:27 - Login with standard_user
[logs/iOS_iPhone 8 INFO ] 2021-06-12 17:21:50.835 LoginPage:34 - password is invalidpassword
[logs/iOS_iPhone 8 INFO ] 2021-06-12 17:21:52.963 LoginPage:40 - Press login button
[logs/iOS_iPhone 8 INFO ] 2021-06-12 17:21:59.003 LoginPage:53 - error text is - Username and password do not match any user in this service.
[logs/iOS_iPhone 8 INFO ] 2021-06-12 17:21:59.007 LoginTests:80 - actual error text - Username and password do not match any user in this service.
expected error text - Username and password do not match any user in this service.
[logs/iOS_iPhone 8 INFO ] 2021-06-12 17:21:59.010 LoginTests:58 - loginTest after method
[logs/iOS_iPhone 8 INFO ] 2021-06-12 17:22:00.197 LoginTests:52 - loginTest before method
[logs/iOS_iPhone 8 INFO ] 2021-06-12 17:22:00.199 LoginTests:54 - 
****** starting test: invalidUserName******

[logs/iOS_iPhone 8 INFO ] 2021-06-12 17:22:02.824 LoginPage:27 - Login with invalidusername
[logs/iOS_iPhone 8 INFO ] 2021-06-12 17:22:07.152 LoginPage:34 - password is secret_sauce
[logs/iOS_iPhone 8 INFO ] 2021-06-12 17:22:08.327 LoginPage:40 - Press login button
[logs/iOS_iPhone 8 INFO ] 2021-06-12 17:22:13.505 LoginPage:53 - error text is - Username and password do not match any user in this service.
[logs/iOS_iPhone 8 INFO ] 2021-06-12 17:22:13.507 LoginTests:68 - actual error text - Username and password do not match any user in this service.
expected error text - Username and password do not match any user in this service.
[logs/iOS_iPhone 8 INFO ] 2021-06-12 17:22:13.509 LoginTests:58 - loginTest after method
[logs/iOS_iPhone 8 INFO ] 2021-06-12 17:22:14.913 LoginTests:52 - loginTest before method
[logs/iOS_iPhone 8 INFO ] 2021-06-12 17:22:14.915 LoginTests:54 - 
****** starting test: successfulLogin******

[logs/iOS_iPhone 8 INFO ] 2021-06-12 17:22:17.468 LoginPage:27 - Login with standard_user
[logs/iOS_iPhone 8 INFO ] 2021-06-12 17:22:20.786 LoginPage:34 - password is secret_sauce
[logs/iOS_iPhone 8 INFO ] 2021-06-12 17:22:21.855 LoginPage:40 - Press login button
[logs/iOS_iPhone 8 INFO ] 2021-06-12 17:22:30.246 ProductsPage:25 - product page title is: PRODUCTS
[logs/iOS_iPhone 8 INFO ] 2021-06-12 17:22:30.248 LoginTests:92 - actual product title - PRODUCTS
expected product title - PRODUCTS
[logs/iOS_iPhone 8 INFO ] 2021-06-12 17:22:30.249 LoginTests:58 - loginTest after method
[logs/iOS_iPhone 8 INFO ] 2021-06-12 17:30:11.602 BaseTest:203 - log path: logs/iOS_iPhone 8
[logs/iOS_iPhone 8 INFO ] 2021-06-12 17:30:29.897 LoginTests:52 - loginTest before method
[logs/iOS_iPhone 8 INFO ] 2021-06-12 17:30:29.926 LoginTests:54 - 
****** starting test: invalidPassword******

[logs/iOS_iPhone 8 INFO ] 2021-06-12 17:30:30.764 LoginPage:27 - Login with standard_user
[logs/iOS_iPhone 8 INFO ] 2021-06-12 17:30:33.619 LoginPage:34 - password is invalidpassword
[logs/iOS_iPhone 8 INFO ] 2021-06-12 17:30:35.435 LoginPage:40 - Press login button
[logs/iOS_iPhone 8 INFO ] 2021-06-12 17:30:40.680 LoginPage:53 - error text is - Username and password do not match any user in this service.
[logs/iOS_iPhone 8 INFO ] 2021-06-12 17:30:40.680 LoginTests:80 - actual error text - Username and password do not match any user in this service.
expected error text - Username and password do not match any user in this service.
[logs/iOS_iPhone 8 INFO ] 2021-06-12 17:30:40.682 LoginTests:58 - loginTest after method
[logs/iOS_iPhone 8 INFO ] 2021-06-12 17:30:41.482 LoginTests:52 - loginTest before method
[logs/iOS_iPhone 8 INFO ] 2021-06-12 17:30:41.484 LoginTests:54 - 
****** starting test: invalidUserName******

[logs/iOS_iPhone 8 INFO ] 2021-06-12 17:30:44.097 LoginPage:27 - Login with invalidusername
[logs/iOS_iPhone 8 INFO ] 2021-06-12 17:30:48.253 LoginPage:34 - password is secret_sauce
[logs/iOS_iPhone 8 INFO ] 2021-06-12 17:30:49.479 LoginPage:40 - Press login button
[logs/iOS_iPhone 8 INFO ] 2021-06-12 17:30:57.225 LoginPage:53 - error text is - Username and password do not match any user in this service.
[logs/iOS_iPhone 8 INFO ] 2021-06-12 17:30:57.227 LoginTests:68 - actual error text - Username and password do not match any user in this service.
expected error text - Username and password do not match any user in this service.
[logs/iOS_iPhone 8 INFO ] 2021-06-12 17:30:57.229 LoginTests:58 - loginTest after method
[logs/iOS_iPhone 8 INFO ] 2021-06-12 17:30:59.601 LoginTests:52 - loginTest before method
[logs/iOS_iPhone 8 INFO ] 2021-06-12 17:30:59.603 LoginTests:54 - 
****** starting test: successfulLogin******

[logs/iOS_iPhone 8 INFO ] 2021-06-12 17:31:02.833 LoginPage:27 - Login with standard_user
[logs/iOS_iPhone 8 INFO ] 2021-06-12 17:31:06.198 LoginPage:34 - password is secret_sauce
[logs/iOS_iPhone 8 INFO ] 2021-06-12 17:31:07.519 LoginPage:40 - Press login button
[logs/iOS_iPhone 8 INFO ] 2021-06-12 17:31:15.044 ProductsPage:25 - product page title is: PRODUCTS
[logs/iOS_iPhone 8 INFO ] 2021-06-12 17:31:15.046 LoginTests:92 - actual product title - PRODUCTS
expected product title - PRODUCTS
[logs/iOS_iPhone 8 INFO ] 2021-06-12 17:31:15.047 LoginTests:58 - loginTest after method
[logs/iOS_iPhone 8 INFO ] 2021-06-12 19:14:10.643 BaseTest:205 - log path: logs/iOS_iPhone 8
[logs/iOS_iPhone 8 INFO ] 2021-06-12 19:14:29.284 LoginTests:52 - loginTest before method
[logs/iOS_iPhone 8 INFO ] 2021-06-12 19:14:29.323 LoginTests:54 - 
****** starting test: invalidPassword******

[logs/iOS_iPhone 8 INFO ] 2021-06-12 19:14:30.655 BaseTest:290 - Login with standard_user
[logs/iOS_iPhone 8 INFO ] 2021-06-12 19:14:34.110 BaseTest:290 - password is invalidpassword
[logs/iOS_iPhone 8 INFO ] 2021-06-12 19:14:36.494 BaseTest:278 - Press login button
[logs/iOS_iPhone 8 INFO ] 2021-06-12 19:14:42.286 BaseTest:310 - error text is - Username and password do not match any user in this service.
[logs/iOS_iPhone 8 INFO ] 2021-06-12 19:14:42.287 LoginTests:80 - actual error text - Username and password do not match any user in this service.
expected error text - Username and password do not match any user in this service.ffdf
[logs/iOS_iPhone 8 INFO ] 2021-06-12 19:14:42.289 TestListener:32 - java.lang.AssertionError: expected [Username and password do not match any user in this service.ffdf] but found [Username and password do not match any user in this service.]
	at org.testng.Assert.fail(Assert.java:97)
	at org.testng.Assert.assertEqualsImpl(Assert.java:136)
	at org.testng.Assert.assertEquals(Assert.java:118)
	at org.testng.Assert.assertEquals(Assert.java:575)
	at org.testng.Assert.assertEquals(Assert.java:585)
	at com.qa.tests.LoginTests.invalidPassword(LoginTests.java:81)
	at sun.reflect.NativeMethodAccessorImpl.invoke0(Native Method)
	at sun.reflect.NativeMethodAccessorImpl.invoke(NativeMethodAccessorImpl.java:62)
	at sun.reflect.DelegatingMethodAccessorImpl.invoke(DelegatingMethodAccessorImpl.java:43)
	at java.lang.reflect.Method.invoke(Method.java:498)
	at org.testng.internal.MethodInvocationHelper.invokeMethod(MethodInvocationHelper.java:134)
	at org.testng.internal.TestInvoker.invokeMethod(TestInvoker.java:597)
	at org.testng.internal.TestInvoker.invokeTestMethod(TestInvoker.java:173)
	at org.testng.internal.MethodRunner.runInSequence(MethodRunner.java:46)
	at org.testng.internal.TestInvoker$MethodInvocationAgent.invoke(TestInvoker.java:816)
	at org.testng.internal.TestInvoker.invokeTestMethods(TestInvoker.java:146)
	at org.testng.internal.TestMethodWorker.invokeTestMethods(TestMethodWorker.java:146)
	at org.testng.internal.TestMethodWorker.run(TestMethodWorker.java:128)
	at java.util.ArrayList.forEach(ArrayList.java:1259)
	at org.testng.TestRunner.privateRun(TestRunner.java:766)
	at org.testng.TestRunner.run(TestRunner.java:587)
	at org.testng.SuiteRunner.runTest(SuiteRunner.java:384)
	at org.testng.SuiteRunner.access$000(SuiteRunner.java:28)
	at org.testng.SuiteRunner$SuiteWorker.run(SuiteRunner.java:425)
	at org.testng.internal.thread.ThreadUtil.lambda$execute$0(ThreadUtil.java:68)
	at java.util.concurrent.FutureTask.run(FutureTask.java:266)
	at java.util.concurrent.ThreadPoolExecutor.runWorker(ThreadPoolExecutor.java:1149)
	at java.util.concurrent.ThreadPoolExecutor$Worker.run(ThreadPoolExecutor.java:624)
	at java.lang.Thread.run(Thread.java:748)

[logs/iOS_iPhone 8 INFO ] 2021-06-12 19:14:42.596 LoginTests:58 - loginTest after method
[logs/iOS_iPhone 8 INFO ] 2021-06-12 19:14:44.033 LoginTests:52 - loginTest before method
[logs/iOS_iPhone 8 INFO ] 2021-06-12 19:14:44.035 LoginTests:54 - 
****** starting test: invalidUserName******

[logs/iOS_iPhone 8 INFO ] 2021-06-12 19:14:47.401 BaseTest:290 - Login with invalidusername
[logs/iOS_iPhone 8 INFO ] 2021-06-12 19:14:52.207 BaseTest:290 - password is secret_sauce
[logs/iOS_iPhone 8 INFO ] 2021-06-12 19:14:54.005 BaseTest:278 - Press login button
[logs/iOS_iPhone 8 INFO ] 2021-06-12 19:14:59.423 BaseTest:310 - error text is - Username and password do not match any user in this service.
[logs/iOS_iPhone 8 INFO ] 2021-06-12 19:14:59.423 LoginTests:68 - actual error text - Username and password do not match any user in this service.
expected error text - Username and password do not match any user in this service.
[logs/iOS_iPhone 8 INFO ] 2021-06-12 19:14:59.425 LoginTests:58 - loginTest after method
[logs/iOS_iPhone 8 INFO ] 2021-06-12 19:15:01.013 LoginTests:52 - loginTest before method
[logs/iOS_iPhone 8 INFO ] 2021-06-12 19:15:01.019 LoginTests:54 - 
****** starting test: successfulLogin******

[logs/iOS_iPhone 8 INFO ] 2021-06-12 19:15:04.382 BaseTest:290 - Login with standard_user
[logs/iOS_iPhone 8 INFO ] 2021-06-12 19:15:07.899 BaseTest:290 - password is secret_sauce
[logs/iOS_iPhone 8 INFO ] 2021-06-12 19:15:08.967 BaseTest:278 - Press login button
[logs/iOS_iPhone 8 INFO ] 2021-06-12 19:15:18.541 BaseTest:310 - product page title is: PRODUCTS
[logs/iOS_iPhone 8 INFO ] 2021-06-12 19:15:18.542 LoginTests:92 - actual product title - PRODUCTS
expected product title - PRODUCTS
[logs/iOS_iPhone 8 INFO ] 2021-06-12 19:15:18.544 LoginTests:58 - loginTest after method
[logs/iOS_iPhone 8 INFO ] 2021-06-12 22:17:10.172 BaseTest:208 - log path: logs/iOS_iPhone 8
[logs/iOS_iPhone 8 INFO ] 2021-06-12 22:17:29.088 BaseTest:293 - Login with standard_user
[logs/iOS_iPhone 8 INFO ] 2021-06-12 22:19:00.538 BaseTest:208 - log path: logs/iOS_iPhone 8
[logs/iOS_iPhone 8 INFO ] 2021-06-12 22:19:22.544 LoginTests:52 - loginTest before method
[logs/iOS_iPhone 8 INFO ] 2021-06-12 22:19:22.578 LoginTests:54 - 
****** starting test: invalidPassword******

[logs/iOS_iPhone 8 INFO ] 2021-06-12 22:19:24.050 BaseTest:293 - Login with standard_user
[logs/iOS_iPhone 8 INFO ] 2021-06-12 22:19:27.855 BaseTest:293 - password is invalidpassword
[logs/iOS_iPhone 8 INFO ] 2021-06-12 22:19:30.302 BaseTest:281 - Press login button
[logs/iOS_iPhone 8 INFO ] 2021-06-12 22:19:36.631 BaseTest:313 - error text is - Username and password do not match any user in this service.
[logs/iOS_iPhone 8 INFO ] 2021-06-12 22:19:36.632 LoginTests:80 - actual error text - Username and password do not match any user in this service.
expected error text - Username and password do not match any user in this service.ffdf
[logs/iOS_iPhone 8 INFO ] 2021-06-12 22:19:36.635 TestListener:32 - java.lang.AssertionError: expected [Username and password do not match any user in this service.ffdf] but found [Username and password do not match any user in this service.]
	at org.testng.Assert.fail(Assert.java:97)
	at org.testng.Assert.assertEqualsImpl(Assert.java:136)
	at org.testng.Assert.assertEquals(Assert.java:118)
	at org.testng.Assert.assertEquals(Assert.java:575)
	at org.testng.Assert.assertEquals(Assert.java:585)
	at com.qa.tests.LoginTests.invalidPassword(LoginTests.java:81)
	at sun.reflect.NativeMethodAccessorImpl.invoke0(Native Method)
	at sun.reflect.NativeMethodAccessorImpl.invoke(NativeMethodAccessorImpl.java:62)
	at sun.reflect.DelegatingMethodAccessorImpl.invoke(DelegatingMethodAccessorImpl.java:43)
	at java.lang.reflect.Method.invoke(Method.java:498)
	at org.testng.internal.MethodInvocationHelper.invokeMethod(MethodInvocationHelper.java:134)
	at org.testng.internal.TestInvoker.invokeMethod(TestInvoker.java:597)
	at org.testng.internal.TestInvoker.invokeTestMethod(TestInvoker.java:173)
	at org.testng.internal.MethodRunner.runInSequence(MethodRunner.java:46)
	at org.testng.internal.TestInvoker$MethodInvocationAgent.invoke(TestInvoker.java:816)
	at org.testng.internal.TestInvoker.invokeTestMethods(TestInvoker.java:146)
	at org.testng.internal.TestMethodWorker.invokeTestMethods(TestMethodWorker.java:146)
	at org.testng.internal.TestMethodWorker.run(TestMethodWorker.java:128)
	at java.util.ArrayList.forEach(ArrayList.java:1259)
	at org.testng.TestRunner.privateRun(TestRunner.java:766)
	at org.testng.TestRunner.run(TestRunner.java:587)
	at org.testng.SuiteRunner.runTest(SuiteRunner.java:384)
	at org.testng.SuiteRunner.access$000(SuiteRunner.java:28)
	at org.testng.SuiteRunner$SuiteWorker.run(SuiteRunner.java:425)
	at org.testng.internal.thread.ThreadUtil.lambda$execute$0(ThreadUtil.java:68)
	at java.util.concurrent.FutureTask.run(FutureTask.java:266)
	at java.util.concurrent.ThreadPoolExecutor.runWorker(ThreadPoolExecutor.java:1149)
	at java.util.concurrent.ThreadPoolExecutor$Worker.run(ThreadPoolExecutor.java:624)
	at java.lang.Thread.run(Thread.java:748)

[logs/iOS_iPhone 8 INFO ] 2021-06-12 22:19:36.926 LoginTests:58 - loginTest after method
[logs/iOS_iPhone 8 INFO ] 2021-06-12 22:19:38.248 LoginTests:52 - loginTest before method
[logs/iOS_iPhone 8 INFO ] 2021-06-12 22:19:38.254 LoginTests:54 - 
****** starting test: invalidUserName******

[logs/iOS_iPhone 8 INFO ] 2021-06-12 22:19:41.916 BaseTest:293 - Login with invalidusername
[logs/iOS_iPhone 8 INFO ] 2021-06-12 22:19:49.078 BaseTest:293 - password is secret_sauce
[logs/iOS_iPhone 8 INFO ] 2021-06-12 22:19:51.160 BaseTest:281 - Press login button
[logs/iOS_iPhone 8 INFO ] 2021-06-12 22:19:58.765 BaseTest:313 - error text is - Username and password do not match any user in this service.
[logs/iOS_iPhone 8 INFO ] 2021-06-12 22:19:58.766 LoginTests:68 - actual error text - Username and password do not match any user in this service.
expected error text - Username and password do not match any user in this service.
[logs/iOS_iPhone 8 INFO ] 2021-06-12 22:19:58.769 LoginTests:58 - loginTest after method
[logs/iOS_iPhone 8 INFO ] 2021-06-12 22:20:00.891 LoginTests:52 - loginTest before method
[logs/iOS_iPhone 8 INFO ] 2021-06-12 22:20:00.893 LoginTests:54 - 
****** starting test: successfulLogin******

[logs/iOS_iPhone 8 INFO ] 2021-06-12 22:20:05.374 BaseTest:293 - Login with standard_user
[logs/iOS_iPhone 8 INFO ] 2021-06-12 22:20:09.902 BaseTest:293 - password is secret_sauce
[logs/iOS_iPhone 8 INFO ] 2021-06-12 22:20:11.008 BaseTest:281 - Press login button
[logs/iOS_iPhone 8 INFO ] 2021-06-12 22:20:20.041 BaseTest:313 - product page title is: PRODUCTS
[logs/iOS_iPhone 8 INFO ] 2021-06-12 22:20:20.042 LoginTests:92 - actual product title - PRODUCTS
expected product title - PRODUCTS
[logs/iOS_iPhone 8 INFO ] 2021-06-12 22:20:20.044 LoginTests:58 - loginTest after method
[logs/iOS_iPhone 8 INFO ] 2021-06-12 22:21:37.077 BaseTest:208 - log path: logs/iOS_iPhone 8
[logs/iOS_iPhone 8 INFO ] 2021-06-12 22:21:56.370 BaseTest:293 - Login with standard_user
[logs/iOS_iPhone 8 INFO ] 2021-06-12 22:27:01.736 BaseTest:208 - log path: logs/iOS_iPhone 8
[logs/iOS_iPhone 8 INFO ] 2021-06-12 22:27:21.772 BaseTest:293 - Login with standard_user
[logs/iOS_iPhone 8 INFO ] 2021-06-12 22:42:51.817 BaseTest:208 - log path: logs/iOS_iPhone 8
[logs/iOS_iPhone 8 INFO ] 2021-06-12 22:43:11.491 LoginTests:52 - loginTest before method
[logs/iOS_iPhone 8 INFO ] 2021-06-12 22:43:11.525 LoginTests:54 - 
****** starting test: invalidPassword******

[logs/iOS_iPhone 8 INFO ] 2021-06-12 22:43:13.325 BaseTest:293 - Login with standard_user
[logs/iOS_iPhone 8 INFO ] 2021-06-12 22:43:17.313 BaseTest:293 - password is invalidpassword
[logs/iOS_iPhone 8 INFO ] 2021-06-12 22:43:19.894 BaseTest:281 - Press login button
[logs/iOS_iPhone 8 INFO ] 2021-06-12 22:43:25.968 BaseTest:313 - error text is - Username and password do not match any user in this service.
[logs/iOS_iPhone 8 INFO ] 2021-06-12 22:43:25.969 LoginTests:80 - actual error text - Username and password do not match any user in this service.
expected error text - Username and password do not match any user in this service.ffdf
[logs/iOS_iPhone 8 INFO ] 2021-06-12 22:43:25.973 TestListener:32 - java.lang.AssertionError: expected [Username and password do not match any user in this service.ffdf] but found [Username and password do not match any user in this service.]
	at org.testng.Assert.fail(Assert.java:97)
	at org.testng.Assert.assertEqualsImpl(Assert.java:136)
	at org.testng.Assert.assertEquals(Assert.java:118)
	at org.testng.Assert.assertEquals(Assert.java:575)
	at org.testng.Assert.assertEquals(Assert.java:585)
	at com.qa.tests.LoginTests.invalidPassword(LoginTests.java:81)
	at sun.reflect.NativeMethodAccessorImpl.invoke0(Native Method)
	at sun.reflect.NativeMethodAccessorImpl.invoke(NativeMethodAccessorImpl.java:62)
	at sun.reflect.DelegatingMethodAccessorImpl.invoke(DelegatingMethodAccessorImpl.java:43)
	at java.lang.reflect.Method.invoke(Method.java:498)
	at org.testng.internal.MethodInvocationHelper.invokeMethod(MethodInvocationHelper.java:134)
	at org.testng.internal.TestInvoker.invokeMethod(TestInvoker.java:597)
	at org.testng.internal.TestInvoker.invokeTestMethod(TestInvoker.java:173)
	at org.testng.internal.MethodRunner.runInSequence(MethodRunner.java:46)
	at org.testng.internal.TestInvoker$MethodInvocationAgent.invoke(TestInvoker.java:816)
	at org.testng.internal.TestInvoker.invokeTestMethods(TestInvoker.java:146)
	at org.testng.internal.TestMethodWorker.invokeTestMethods(TestMethodWorker.java:146)
	at org.testng.internal.TestMethodWorker.run(TestMethodWorker.java:128)
	at java.util.ArrayList.forEach(ArrayList.java:1259)
	at org.testng.TestRunner.privateRun(TestRunner.java:766)
	at org.testng.TestRunner.run(TestRunner.java:587)
	at org.testng.SuiteRunner.runTest(SuiteRunner.java:384)
	at org.testng.SuiteRunner.access$000(SuiteRunner.java:28)
	at org.testng.SuiteRunner$SuiteWorker.run(SuiteRunner.java:425)
	at org.testng.internal.thread.ThreadUtil.lambda$execute$0(ThreadUtil.java:68)
	at java.util.concurrent.FutureTask.run(FutureTask.java:266)
	at java.util.concurrent.ThreadPoolExecutor.runWorker(ThreadPoolExecutor.java:1149)
	at java.util.concurrent.ThreadPoolExecutor$Worker.run(ThreadPoolExecutor.java:624)
	at java.lang.Thread.run(Thread.java:748)

[logs/iOS_iPhone 8 INFO ] 2021-06-12 22:43:26.292 LoginTests:58 - loginTest after method
[logs/iOS_iPhone 8 INFO ] 2021-06-12 22:43:27.726 LoginTests:52 - loginTest before method
[logs/iOS_iPhone 8 INFO ] 2021-06-12 22:43:27.729 LoginTests:54 - 
****** starting test: invalidUserName******

[logs/iOS_iPhone 8 INFO ] 2021-06-12 22:43:31.171 BaseTest:293 - Login with invalidusername
[logs/iOS_iPhone 8 INFO ] 2021-06-12 22:43:36.093 BaseTest:293 - password is secret_sauce
[logs/iOS_iPhone 8 INFO ] 2021-06-12 22:43:37.708 BaseTest:281 - Press login button
[logs/iOS_iPhone 8 INFO ] 2021-06-12 22:43:45.393 BaseTest:313 - error text is - Username and password do not match any user in this service.
[logs/iOS_iPhone 8 INFO ] 2021-06-12 22:43:45.394 LoginTests:68 - actual error text - Username and password do not match any user in this service.
expected error text - Username and password do not match any user in this service.
[logs/iOS_iPhone 8 INFO ] 2021-06-12 22:43:45.395 LoginTests:58 - loginTest after method
[logs/iOS_iPhone 8 INFO ] 2021-06-12 22:43:48.355 LoginTests:52 - loginTest before method
[logs/iOS_iPhone 8 INFO ] 2021-06-12 22:43:48.359 LoginTests:54 - 
****** starting test: successfulLogin******

[logs/iOS_iPhone 8 INFO ] 2021-06-12 22:43:52.842 BaseTest:293 - Login with standard_user
[logs/iOS_iPhone 8 INFO ] 2021-06-12 22:43:57.390 BaseTest:293 - password is secret_sauce
[logs/iOS_iPhone 8 INFO ] 2021-06-12 22:43:58.570 BaseTest:281 - Press login button
[logs/iOS_iPhone 8 INFO ] 2021-06-12 22:44:07.849 BaseTest:313 - product page title is: PRODUCTS
[logs/iOS_iPhone 8 INFO ] 2021-06-12 22:44:07.849 LoginTests:92 - actual product title - PRODUCTS
expected product title - PRODUCTS
[logs/iOS_iPhone 8 INFO ] 2021-06-12 22:44:07.851 LoginTests:58 - loginTest after method
[logs/iOS_iPhone 8 INFO ] 2021-06-12 22:44:18.653 BaseTest:293 - Login with standard_user
[logs/iOS_iPhone 8 INFO ] 2021-06-12 22:44:22.411 BaseTest:293 - password is secret_sauce
[logs/iOS_iPhone 8 INFO ] 2021-06-12 22:44:24.422 BaseTest:281 - Press login button
[logs/iOS_iPhone 8 INFO ] 2021-06-12 22:44:25.330 ProductTests:53 - 
****** starting test: validateProductOnProductDetailsPage******

[logs/iOS_iPhone 8 INFO ] 2021-06-12 22:44:31.047 BaseTest:281 - navigate back to the products details page
[logs/iOS_iPhone 8 INFO ] 2021-06-12 22:44:35.815 BaseTest:313 - title is -Sauce Labs Backpack
[logs/iOS_iPhone 8 INFO ] 2021-06-12 22:44:36.903 BaseTest:313 - txt is -carry.allTheThings() with the sleek, streamlined Sly Pack that melds uncompromising style with unequaled laptop and tablet protection.
[logs/iOS_iPhone 8 INFO ] 2021-06-12 22:44:37.471 BaseTest:281 - navigate back to products page
[logs/iOS_iPhone 8 INFO ] 2021-06-12 22:44:38.295 MenuPage:16 - press Settings button
[logs/iOS_iPhone 8 INFO ] 2021-06-12 22:44:45.440 BaseTest:281 - press settings button
[logs/iOS_iPhone 8 INFO ] 2021-06-12 22:44:49.608 BaseTest:293 - Login with standard_user
[logs/iOS_iPhone 8 INFO ] 2021-06-12 22:44:52.336 BaseTest:293 - password is secret_sauce
[logs/iOS_iPhone 8 INFO ] 2021-06-12 22:44:54.131 BaseTest:281 - Press login button
[logs/iOS_iPhone 8 INFO ] 2021-06-12 22:44:54.951 ProductTests:53 - 
****** starting test: validateProductOnProductsPage******

[logs/iOS_iPhone 8 INFO ] 2021-06-12 22:45:01.968 BaseTest:313 - title is: Sauce Labs Backpack
[logs/iOS_iPhone 8 INFO ] 2021-06-12 22:45:07.569 BaseTest:313 - price is -$29.99
[logs/iOS_iPhone 8 INFO ] 2021-06-12 22:45:07.572 MenuPage:16 - press Settings button
[logs/iOS_iPhone 8 INFO ] 2021-06-12 22:45:14.600 BaseTest:281 - press settings button
[logs/iOS_iPhone 8 INFO ] 2021-06-12 22:46:27.809 BaseTest:208 - log path: logs/iOS_iPhone 8
[logs/iOS_iPhone 8 INFO ] 2021-06-12 22:46:47.471 LoginTests:52 - loginTest before method
[logs/iOS_iPhone 8 INFO ] 2021-06-12 22:46:47.498 LoginTests:54 - 
****** starting test: invalidPassword******

[logs/iOS_iPhone 8 INFO ] 2021-06-12 22:46:48.850 BaseTest:293 - Login with standard_user
[logs/iOS_iPhone 8 INFO ] 2021-06-12 22:46:52.457 BaseTest:293 - password is invalidpassword
[logs/iOS_iPhone 8 INFO ] 2021-06-12 22:46:54.639 BaseTest:281 - Press login button
[logs/iOS_iPhone 8 INFO ] 2021-06-12 22:47:00.987 BaseTest:313 - error text is - Username and password do not match any user in this service.
[logs/iOS_iPhone 8 INFO ] 2021-06-12 22:47:00.988 LoginTests:80 - actual error text - Username and password do not match any user in this service.
expected error text - Username and password do not match any user in this service.
[logs/iOS_iPhone 8 INFO ] 2021-06-12 22:47:00.990 LoginTests:58 - loginTest after method
[logs/iOS_iPhone 8 INFO ] 2021-06-12 22:47:02.242 LoginTests:52 - loginTest before method
[logs/iOS_iPhone 8 INFO ] 2021-06-12 22:47:02.245 LoginTests:54 - 
****** starting test: invalidUserName******

[logs/iOS_iPhone 8 INFO ] 2021-06-12 22:47:05.574 BaseTest:293 - Login with invalidusername
[logs/iOS_iPhone 8 INFO ] 2021-06-12 22:47:10.215 BaseTest:293 - password is secret_sauce
[logs/iOS_iPhone 8 INFO ] 2021-06-12 22:47:11.787 BaseTest:281 - Press login button
[logs/iOS_iPhone 8 INFO ] 2021-06-12 22:47:17.811 BaseTest:313 - error text is - Username and password do not match any user in this service.
[logs/iOS_iPhone 8 INFO ] 2021-06-12 22:47:17.812 LoginTests:68 - actual error text - Username and password do not match any user in this service.
expected error text - Username and password do not match any user in this service.
[logs/iOS_iPhone 8 INFO ] 2021-06-12 22:47:17.814 LoginTests:58 - loginTest after method
[logs/iOS_iPhone 8 INFO ] 2021-06-12 22:47:19.314 LoginTests:52 - loginTest before method
[logs/iOS_iPhone 8 INFO ] 2021-06-12 22:47:19.315 LoginTests:54 - 
****** starting test: successfulLogin******

[logs/iOS_iPhone 8 INFO ] 2021-06-12 22:47:22.927 BaseTest:293 - Login with standard_user
[logs/iOS_iPhone 8 INFO ] 2021-06-12 22:47:26.746 BaseTest:293 - password is secret_sauce
[logs/iOS_iPhone 8 INFO ] 2021-06-12 22:47:28.157 BaseTest:281 - Press login button
[logs/iOS_iPhone 8 INFO ] 2021-06-12 22:47:38.796 BaseTest:313 - product page title is: PRODUCTS
[logs/iOS_iPhone 8 INFO ] 2021-06-12 22:47:38.798 LoginTests:92 - actual product title - PRODUCTS
expected product title - PRODUCTS
[logs/iOS_iPhone 8 INFO ] 2021-06-12 22:47:38.800 LoginTests:58 - loginTest after method
[logs/iOS_iPhone 8 INFO ] 2021-06-12 22:47:49.326 BaseTest:293 - Login with standard_user
[logs/iOS_iPhone 8 INFO ] 2021-06-12 22:47:53.751 BaseTest:293 - password is secret_sauce
[logs/iOS_iPhone 8 INFO ] 2021-06-12 22:47:55.998 BaseTest:281 - Press login button
[logs/iOS_iPhone 8 INFO ] 2021-06-12 22:47:56.834 ProductTests:53 - 
****** starting test: validateProductOnProductDetailsPage******

[logs/iOS_iPhone 8 INFO ] 2021-06-12 22:48:00.857 BaseTest:281 - navigate back to the products details page
[logs/iOS_iPhone 8 INFO ] 2021-06-12 22:48:05.046 BaseTest:313 - title is -Sauce Labs Backpack
[logs/iOS_iPhone 8 INFO ] 2021-06-12 22:48:06.102 BaseTest:313 - txt is -carry.allTheThings() with the sleek, streamlined Sly Pack that melds uncompromising style with unequaled laptop and tablet protection.
[logs/iOS_iPhone 8 INFO ] 2021-06-12 22:48:06.583 BaseTest:281 - navigate back to products page
[logs/iOS_iPhone 8 INFO ] 2021-06-12 22:48:07.431 MenuPage:16 - press Settings button
[logs/iOS_iPhone 8 INFO ] 2021-06-12 22:48:14.444 BaseTest:281 - press settings button
[logs/iOS_iPhone 8 INFO ] 2021-06-12 22:48:18.395 BaseTest:293 - Login with standard_user
[logs/iOS_iPhone 8 INFO ] 2021-06-12 22:48:21.156 BaseTest:293 - password is secret_sauce
[logs/iOS_iPhone 8 INFO ] 2021-06-12 22:48:22.785 BaseTest:281 - Press login button
[logs/iOS_iPhone 8 INFO ] 2021-06-12 22:48:23.594 ProductTests:53 - 
****** starting test: validateProductOnProductsPage******

[logs/iOS_iPhone 8 INFO ] 2021-06-12 22:48:29.770 BaseTest:313 - title is: Sauce Labs Backpack
[logs/iOS_iPhone 8 INFO ] 2021-06-12 22:48:36.615 BaseTest:313 - price is -$29.99
[logs/iOS_iPhone 8 INFO ] 2021-06-12 22:48:36.618 MenuPage:16 - press Settings button
[logs/iOS_iPhone 8 INFO ] 2021-06-12 22:48:43.207 BaseTest:281 - press settings button
[logs/iOS_iPhone 8 INFO ] 2021-06-12 22:52:47.954 BaseTest:208 - log path: logs/iOS_iPhone 8
[logs/iOS_iPhone 8 INFO ] 2021-06-12 22:53:09.060 BaseTest:293 - Login with standard_user
